<?xml version="1.0" encoding="UTF-8"?>
<!-- Generated by org.testng.reporters.JUnitReportReporter -->
<testsuite hostname="Users-MacBook-Pro.local" failures="0" tests="8" name="TestRunner" time="28.979" errors="0" timestamp="2022-11-01T16:53:26 EDT" skipped="0">
  <testcase classname="TestRunner" name="runScenario" time="3.203"/>
  <system-out/>
  <testcase classname="TestRunner" name="runScenario" time="2.555"/>
  <system-out/>
  <testcase classname="TestRunner" name="runScenario" time="9.960"/>
  <system-out/>
  <testcase classname="TestRunner" name="runScenario" time="2.593"/>
  <system-out/>
  <testcase classname="TestRunner" name="runScenario" time="2.648"/>
  <system-out/>
  <testcase classname="TestRunner" name="runScenario" time="2.719"/>
  <system-out/>
  <testcase classname="TestRunner" name="runScenario" time="2.699"/>
  <system-out/>
  <testcase classname="TestRunner" name="runScenario" time="2.602"/>
  <system-out/>
</testsuite> <!-- TestRunner -->
